<?xml version="1.0" encoding="UTF-8"?>
<!-- Generated by org.testng.reporters.JUnitReportReporter -->
<testsuite hostname="DESKTOP-0R7RGQQ" failures="0" tests="2" name="com.TestPackage.LoginTestCase" time="5.380" errors="0" timestamp="2024-03-22T06:52:55 IST" skipped="0">
  <testcase classname="com.TestPackage.LoginTestCase" name="NextOageTitle" time="5.032"/>
  <system-out/>
  <testcase classname="com.TestPackage.LoginTestCase" name="LoginPageLinkTest" time="0.348"/>
  <system-out/>
</testsuite> <!-- com.TestPackage.LoginTestCase -->
